[2013-01-30 13:29:22] [info] PHP Notice, Msg: Undefined index: filesystem.list_directories in ()
[2013-01-30 13:29:54] [info] ConvertPathToURI: SiteRoot=C:/dev_storage/localhost, Path: C:/dev_storage/localhost/wysiwyg/jquery/examples/files/tinymce_language_pack.zip -> URI: /wysiwyg/jquery/examples/files/tinymce_language_pack.zip
[2013-01-30 13:29:54] [info] PHP Notice, Msg: Undefined index: filesystem.list_directories in ()
[2013-01-30 13:30:51] [info] ConvertPathToURI: SiteRoot=C:/dev_storage/localhost, Path: C:/dev_storage/localhost/wysiwyg/jquery/examples/files/mazda3.jpg -> URI: /wysiwyg/jquery/examples/files/mazda3.jpg
[2013-01-30 13:30:52] [info] PHP Notice, Msg: Undefined index: filesystem.list_directories in ()
[2013-01-30 13:30:52] [info] PHP Notice, Msg: Undefined index: filesystem.list_directories in ()
[2013-01-30 13:30:54] [info] PHP Notice, Msg: Undefined index: filesystem.list_directories in ()
[2013-01-30 13:30:56] [info] PHP Notice, Msg: Undefined index: filesystem.list_directories in ()
[2013-01-30 13:30:56] [info] PHP Notice, Msg: Undefined index: filesystem.list_directories in ()
[2013-01-30 13:31:00] [info] PHP Notice, Msg: Undefined index: filesystem.list_directories in ()
[2013-01-30 13:31:01] [info] PHP Notice, Msg: Undefined index: filesystem.list_directories in ()
[2013-01-30 13:31:01] [info] PHP Notice, Msg: Undefined index: filesystem.list_directories in ()
[2013-01-30 13:31:02] [info] PHP Notice, Msg: Undefined index: filesystem.list_directories in ()
[2013-01-30 13:31:03] [info] ConvertPathToURI: SiteRoot=C:/dev_storage/localhost, Path: C:/dev_storage/localhost/wysiwyg/jquery/examples/files/mazda3.jpg -> URI: /wysiwyg/jquery/examples/files/mazda3.jpg
[2013-01-30 13:31:22] [info] PHP Notice, Msg: Undefined index: filesystem.list_directories in ()
[2013-01-30 13:31:33] [info] PHP Notice, Msg: Undefined index: filesystem.list_directories in ()
[2013-01-30 15:19:02] [info] PHP Notice, Msg: Undefined index: filesystem.list_directories in ()
[2013-01-30 18:42:02] [info] PHP Notice, Msg: Undefined index: filesystem.list_directories in ()
[2013-01-30 18:42:11] [info] PHP Notice, Msg: Undefined index: filesystem.list_directories in ()
[2013-01-30 18:42:29] [info] PHP Notice, Msg: Undefined index: filesystem.list_directories in ()
[2013-01-30 18:48:14] [info] PHP Notice, Msg: Undefined index: filesystem.list_directories in ()
[2014-10-03 17:19:40] [info] PHP Notice, Msg: Undefined index: filesystem.list_directories in ()
[2014-10-03 17:20:32] [info] PHP Notice, Msg: Undefined index: filesystem.list_directories in ()
[2014-10-03 17:21:12] [info] ConvertPathToURI: SiteRoot=/data/web/virtuals/63064/virtual/www, Path: /data/web/virtuals/63064/virtual/www/app/web1/files/prihlaska_dramaticky_krouzek_2014_15.doc -> URI: /app/web1/files/prihlaska_dramaticky_krouzek_2014_15.doc
[2014-10-03 17:21:12] [info] PHP Notice, Msg: Undefined index: filesystem.list_directories in ()
[2014-10-03 17:21:19] [info] ConvertPathToURI: SiteRoot=/data/web/virtuals/63064/virtual/www, Path: /data/web/virtuals/63064/virtual/www/app/web1/files/prihlaska_dramaticky_krouzek_2014_15.doc -> URI: /app/web1/files/prihlaska_dramaticky_krouzek_2014_15.doc
[2014-10-03 17:21:29] [info] ConvertPathToURI: SiteRoot=/data/web/virtuals/63064/virtual/www, Path: /data/web/virtuals/63064/virtual/www/app/web1/files/prihlaska_dramaticky_krouzek_2014_15.doc -> URI: /app/web1/files/prihlaska_dramaticky_krouzek_2014_15.doc
[2014-10-05 21:53:34] [info] PHP Notice, Msg: Undefined index: filesystem.list_directories in ()
[2014-10-05 21:53:57] [info] ConvertPathToURI: SiteRoot=/data/web/virtuals/63064/virtual/www, Path: /data/web/virtuals/63064/virtual/www/app/web1/files/jan_kaska.pdf -> URI: /app/web1/files/jan_kaska.pdf
[2014-10-05 21:53:57] [info] PHP Notice, Msg: Undefined index: filesystem.list_directories in ()
[2014-10-05 21:54:14] [info] PHP Notice, Msg: Undefined index: filesystem.list_directories in ()
[2014-10-05 21:54:24] [info] ConvertPathToURI: SiteRoot=/data/web/virtuals/63064/virtual/www, Path: /data/web/virtuals/63064/virtual/www/app/web1/files/jan_kaska.pdf -> URI: /app/web1/files/jan_kaska.pdf
[2014-10-06 11:15:40] [info] PHP Notice, Msg: Undefined index: filesystem.list_directories in ()
[2014-10-06 11:25:18] [info] PHP Notice, Msg: Undefined index: filesystem.list_directories in ()
[2014-10-06 11:27:29] [info] PHP Notice, Msg: Undefined index: filesystem.list_directories in ()
[2014-10-06 12:41:17] [info] PHP Notice, Msg: Undefined index: filesystem.list_directories in ()
[2014-10-06 12:41:21] [info] PHP Notice, Msg: Undefined index: filesystem.list_directories in ()
[2014-10-06 12:41:21] [info] PHP Notice, Msg: Undefined index: filesystem.list_directories in ()
[2014-10-06 12:41:39] [info] PHP Notice, Msg: Undefined index: filesystem.list_directories in ()
[2014-10-06 12:41:52] [info] PHP Notice, Msg: Undefined index: filesystem.list_directories in ()
[2015-10-10 11:48:48] [info] PHP Notice, Msg: Undefined index: filesystem.list_directories in ()
[2015-10-10 11:49:40] [info] ConvertPathToURI: SiteRoot=/home/www/historycarprague.com/www, Path: /home/www/historycarprague.com/www/app/web1/files/menu_stredovek_upavouka_cz.jpg -> URI: /app/web1/files/menu_stredovek_upavouka_cz.jpg
[2015-10-10 11:49:40] [info] ConvertPathToURI: SiteRoot=/home/www/historycarprague.com/www, Path: /home/www/historycarprague.com/www/app/web1/files/menu_stredovek_upavouka_en.jpg -> URI: /app/web1/files/menu_stredovek_upavouka_en.jpg
[2015-10-10 11:49:40] [info] PHP Notice, Msg: Undefined index: filesystem.list_directories in ()
[2015-10-14 10:19:15] [info] PHP Notice, Msg: Undefined index: filesystem.list_directories in ()
[2015-10-14 10:19:47] [info] ConvertPathToURI: SiteRoot=/home/www/historycarprague.com/www, Path: /home/www/historycarprague.com/www/app/web1/files/menu_folklor_cz.jpg -> URI: /app/web1/files/menu_folklor_cz.jpg
[2015-10-14 10:19:47] [info] ConvertPathToURI: SiteRoot=/home/www/historycarprague.com/www, Path: /home/www/historycarprague.com/www/app/web1/files/menu_folklor_en.jpg -> URI: /app/web1/files/menu_folklor_en.jpg
[2015-10-14 10:19:47] [info] PHP Notice, Msg: Undefined index: filesystem.list_directories in ()
